<?xml version="1.0" encoding="UTF-8"?>
<!-- Generated by org.testng.reporters.JUnitReportReporter -->
<testsuite hostname="ATMECSINLT-083" failures="0" tests="1" name="com.atmecs.testscripts.TestHeatClinicProduct" time="21.716" errors="0" timestamp="21 Nov 2019 11:12:18 GMT" skipped="0">
  <testcase classname="com.atmecs.testscripts.TestHeatClinicProduct" name="selectingHSProduct" time="21.716"/>
</testsuite> <!-- com.atmecs.testscripts.TestHeatClinicProduct -->
