<?xml version="1.0" encoding="UTF-8"?>
<!-- Generated by org.testng.reporters.JUnitReportReporter -->
<testsuite hostname="ATMECSINLT-083" failures="0" tests="1" name="com.atmecs.testscripts.TestPhpTravels" time="11.786" errors="0" timestamp="25 Nov 2019 06:51:33 GMT" skipped="0">
  <testcase classname="com.atmecs.testscripts.TestPhpTravels" name="loginHomePage" time="11.786"/>
</testsuite> <!-- com.atmecs.testscripts.TestPhpTravels -->
