<?xml version="1.0" encoding="UTF-8"?>
<!-- Generated by org.testng.reporters.JUnitReportReporter -->
<testsuite hostname="ATMECSINLT-083" failures="0" tests="1" name="com.atmecs.testscripts.TestDataGeneration" time="0.950" errors="0" timestamp="25 Nov 2019 15:07:41 GMT" skipped="0">
  <testcase classname="com.atmecs.testscripts.TestDataGeneration" name="dateGeneration" time="0.950"/>
</testsuite> <!-- com.atmecs.testscripts.TestDataGeneration -->
