<?xml version="1.0" encoding="UTF-8"?>
<!-- Generated by org.testng.reporters.JUnitReportReporter -->
<testsuite hostname="ATMECSINLT-083" failures="0" tests="1" name="com.atmecs.testscripts.TestPhpTravels" time="9.536" errors="0" timestamp="22 Nov 2019 13:13:24 GMT" skipped="0">
  <testcase classname="com.atmecs.testscripts.TestPhpTravels" name="loginHomePage" time="9.536"/>
</testsuite> <!-- com.atmecs.testscripts.TestPhpTravels -->
